mode: set
github.com/aarnavpant/StudentAPIs.git/src/createMux.go:7.33,14.2 6 1
github.com/aarnavpant/StudentAPIs.git/src/handlers.go:37.57,39.18 2 1
github.com/aarnavpant/StudentAPIs.git/src/handlers.go:39.18,41.3 1 0
github.com/aarnavpant/StudentAPIs.git/src/handlers.go:42.2,43.29 2 1
github.com/aarnavpant/StudentAPIs.git/src/handlers.go:43.29,44.26 1 1
github.com/aarnavpant/StudentAPIs.git/src/handlers.go:44.26,46.18 2 1
github.com/aarnavpant/StudentAPIs.git/src/handlers.go:46.18,48.5 1 0
github.com/aarnavpant/StudentAPIs.git/src/handlers.go:49.4,51.9 3 1
github.com/aarnavpant/StudentAPIs.git/src/handlers.go:54.2,54.11 1 1
github.com/aarnavpant/StudentAPIs.git/src/handlers.go:54.11,56.3 1 0
github.com/aarnavpant/StudentAPIs.git/src/handlers.go:68.58,70.16 2 1
github.com/aarnavpant/StudentAPIs.git/src/handlers.go:70.16,72.3 1 0
github.com/aarnavpant/StudentAPIs.git/src/handlers.go:73.2,74.16 2 1
github.com/aarnavpant/StudentAPIs.git/src/handlers.go:86.60,88.18 2 1
github.com/aarnavpant/StudentAPIs.git/src/handlers.go:88.18,91.3 2 0
github.com/aarnavpant/StudentAPIs.git/src/handlers.go:92.2,94.29 3 1
github.com/aarnavpant/StudentAPIs.git/src/handlers.go:94.29,95.26 1 1
github.com/aarnavpant/StudentAPIs.git/src/handlers.go:95.26,97.4 1 1
github.com/aarnavpant/StudentAPIs.git/src/handlers.go:98.3,98.26 1 1
github.com/aarnavpant/StudentAPIs.git/src/handlers.go:98.26,101.4 2 1
github.com/aarnavpant/StudentAPIs.git/src/handlers.go:103.2,104.11 2 1
github.com/aarnavpant/StudentAPIs.git/src/handlers.go:104.11,106.3 1 0
github.com/aarnavpant/StudentAPIs.git/src/handlers.go:118.57,121.16 3 1
github.com/aarnavpant/StudentAPIs.git/src/handlers.go:121.16,124.3 2 0
github.com/aarnavpant/StudentAPIs.git/src/handlers.go:125.2,127.34 3 1
github.com/aarnavpant/StudentAPIs.git/src/student.go:13.35,15.2 1 1
github.com/aarnavpant/StudentAPIs.git/src/student.go:17.32,19.2 1 1
github.com/aarnavpant/StudentAPIs.git/src/student.go:21.40,24.2 2 0
github.com/aarnavpant/StudentAPIs.git/src/student.go:26.39,28.20 2 1
github.com/aarnavpant/StudentAPIs.git/src/student.go:28.20,30.34 2 1
github.com/aarnavpant/StudentAPIs.git/src/student.go:30.34,32.4 1 1
github.com/aarnavpant/StudentAPIs.git/src/student.go:33.3,33.18 1 1
github.com/aarnavpant/StudentAPIs.git/src/student.go:35.2,35.28 1 1
